<?xml version="1.0" encoding="UTF-8" ?>
<testsuite 
errors="0" failures="0" hostname="Bastor" name="ComplexTypeDecoderTest" tests="4" time="0.034" timestamp="2014-05-16T23:20:32">
  <properties>
[...]
</properties>
  <testcase 
  name="Test: Email Decoder" classname="ComplexTypeDecoderTest" time="0.012">
</testcase>
  <testcase 
  name="Test: Copyright Decoder" classname="ComplexTypeDecoderTest" time="0.0">
</testcase>
  <testcase 
  name="Test: Link Decoder" classname="ComplexTypeDecoderTest" time="0.0">
</testcase>
  <testcase 
  name="Test: Person Decoder" classname="ComplexTypeDecoderTest" time="0.001">
</testcase>
  <system-out><![CDATA[]]></system-out>
  <system-err><![CDATA[]]></system-err>
</testsuite>
